{"/Users/bruno/Documents/khi/kobo-highlights-exporter/src/lib/components/BookCard.svelte": {"path":"/Users/bruno/Documents/khi/kobo-highlights-exporter/src/lib/components/BookCard.svelte","statementMap":{"0":{"start":{"line":15,"column":14},"end":{"line":15,"column":null}},"1":{"start":{"line":16,"column":13},"end":{"line":16,"column":null}},"2":{"start":{"line":23,"column":9},"end":{"line":23,"column":null}},"3":{"start":{"line":23,"column":16},"end":{"line":23,"column":null}},"4":{"start":{"line":24,"column":14},"end":{"line":24,"column":null}},"5":{"start":{"line":25,"column":8},"end":{"line":25,"column":null}},"6":{"start":{"line":25,"column":26},"end":{"line":25,"column":null}},"7":{"start":{"line":26,"column":11},"end":{"line":26,"column":null}},"8":{"start":{"line":30,"column":8},"end":{"line":30,"column":null}},"9":{"start":{"line":30,"column":19},"end":{"line":30,"column":null}},"10":{"start":{"line":31,"column":8},"end":{"line":31,"column":null}},"11":{"start":{"line":31,"column":19},"end":{"line":31,"column":null}},"12":{"start":{"line":32,"column":14},"end":{"line":32,"column":null}},"13":{"start":{"line":36,"column":1},"end":{"line":36,"column":null}},"14":{"start":{"line":36,"column":1},"end":{"line":41,"column":null}},"15":{"start":{"line":47,"column":6},"end":{"line":36,"column":null}},"16":{"start":{"line":47,"column":3},"end":{"line":47,"column":null}},"17":{"start":{"line":49,"column":10},"end":{"line":49,"column":21}},"18":{"start":{"line":49,"column":7},"end":{"line":49,"column":51}},"19":{"start":{"line":49,"column":7},"end":{"line":49,"column":null}},"20":{"start":{"line":49,"column":7},"end":{"line":49,"column":21}},"21":{"start":{"line":51,"column":10},"end":{"line":51,"column":null}},"22":{"start":{"line":51,"column":7},"end":{"line":51,"column":null}},"23":{"start":{"line":48,"column":14},"end":{"line":48,"column":null}},"24":{"start":{"line":48,"column":23},"end":{"line":48,"column":null}},"25":{"start":{"line":57,"column":6},"end":{"line":47,"column":null}},"26":{"start":{"line":58,"column":7},"end":{"line":57,"column":null}},"27":{"start":{"line":58,"column":5},"end":{"line":58,"column":39}},"28":{"start":{"line":59,"column":6},"end":{"line":58,"column":39}},"29":{"start":{"line":59,"column":5},"end":{"line":59,"column":33}},"30":{"start":{"line":61,"column":8},"end":{"line":59,"column":33}},"31":{"start":{"line":62,"column":11},"end":{"line":61,"column":null}},"32":{"start":{"line":62,"column":7},"end":{"line":62,"column":37}},"33":{"start":{"line":64,"column":13},"end":{"line":64,"column":41}},"34":{"start":{"line":64,"column":9},"end":{"line":64,"column":41}},"35":{"start":{"line":64,"column":41},"end":{"line":64,"column":null}},"36":{"start":{"line":64,"column":41},"end":{"line":64,"column":51}},"37":{"start":{"line":63,"column":16},"end":{"line":63,"column":null}},"38":{"start":{"line":63,"column":28},"end":{"line":63,"column":null}},"39":{"start":{"line":61,"column":5},"end":{"line":61,"column":null}},"40":{"start":{"line":57,"column":3},"end":{"line":57,"column":null}},"41":{"start":{"line":36,"column":1},"end":{"line":40,"column":null}},"42":{"start":{"line":36,"column":1},"end":{"line":44,"column":null}},"43":{"start":{"line":58,"column":5},"end":{"line":58,"column":52}},"44":{"start":{"line":58,"column":52},"end":{"line":58,"column":null}},"45":{"start":{"line":59,"column":33},"end":{"line":59,"column":null}},"46":{"start":{"line":62,"column":37},"end":{"line":62,"column":null}}},"fnMap":{"0":{"name":"BookCard","decl":{"start":{"line":1,"column":0},"end":{"line":1,"column":null}},"loc":{"start":{"line":1,"column":0},"end":{"line":34,"column":null}},"line":1},"1":{"name":"formatDate","decl":{"start":{"line":22,"column":11},"end":{"line":22,"column":21}},"loc":{"start":{"line":22,"column":59},"end":{"line":27,"column":null}},"line":22},"2":{"name":"formatHighlightCount","decl":{"start":{"line":29,"column":11},"end":{"line":29,"column":31}},"loc":{"start":{"line":29,"column":55},"end":{"line":33,"column":null}},"line":29},"3":{"name":"(anonymous_3)","decl":{"start":{"line":41,"column":9},"end":{"line":41,"column":null}},"loc":{"start":{"line":41,"column":9},"end":{"line":41,"column":null}},"line":41},"4":{"name":"(anonymous_4)","decl":{"start":{"line":64,"column":41},"end":{"line":64,"column":51}},"loc":{"start":{"line":64,"column":41},"end":{"line":64,"column":51}},"line":64},"5":{"name":"(anonymous_5)","decl":{"start":{"line":62,"column":37},"end":{"line":62,"column":57}},"loc":{"start":{"line":62,"column":37},"end":{"line":62,"column":null}},"line":62},"6":{"name":"(anonymous_6)","decl":{"start":{"line":36,"column":1},"end":{"line":36,"column":null}},"loc":{"start":{"line":36,"column":1},"end":{"line":36,"column":null}},"line":36}},"branchMap":{"0":{"loc":{"start":{"line":23,"column":9},"end":{"line":23,"column":null}},"type":"if","locations":[{"start":{"line":23,"column":9},"end":{"line":23,"column":null}},{"start":{},"end":{}}],"line":23},"1":{"loc":{"start":{"line":25,"column":8},"end":{"line":25,"column":null}},"type":"if","locations":[{"start":{"line":25,"column":8},"end":{"line":25,"column":null}},{"start":{},"end":{}}],"line":25},"2":{"loc":{"start":{"line":30,"column":8},"end":{"line":30,"column":null}},"type":"if","locations":[{"start":{"line":30,"column":8},"end":{"line":30,"column":null}},{"start":{},"end":{}}],"line":30},"3":{"loc":{"start":{"line":31,"column":8},"end":{"line":31,"column":null}},"type":"if","locations":[{"start":{"line":31,"column":8},"end":{"line":31,"column":null}},{"start":{},"end":{}}],"line":31},"4":{"loc":{"start":{"line":49,"column":10},"end":{"line":49,"column":null}},"type":"binary-expr","locations":[{"start":{"line":49,"column":10},"end":{"line":49,"column":56}},{"start":{"line":49,"column":56},"end":{"line":49,"column":null}}],"line":49},"5":{"loc":{"start":{"line":48,"column":14},"end":{"line":48,"column":null}},"type":"if","locations":[{"start":{"line":48,"column":14},"end":{"line":48,"column":null}},{"start":{"line":48,"column":23},"end":{"line":48,"column":null}}],"line":48},"6":{"loc":{"start":{"line":63,"column":16},"end":{"line":63,"column":null}},"type":"if","locations":[{"start":{"line":63,"column":16},"end":{"line":63,"column":null}},{"start":{},"end":{}}],"line":63},"7":{"loc":{"start":{"line":59,"column":33},"end":{"line":59,"column":63}},"type":"binary-expr","locations":[{"start":{"line":59,"column":33},"end":{"line":59,"column":39}},{"start":{"line":59,"column":43},"end":{"line":59,"column":63}}],"line":59}},"s":{"0":76,"1":76,"2":19,"3":0,"4":19,"5":19,"6":1,"7":18,"8":76,"9":21,"10":55,"11":21,"12":34,"13":76,"14":76,"15":76,"16":76,"17":17,"18":17,"19":17,"20":17,"21":59,"22":59,"23":76,"24":59,"25":76,"26":76,"27":76,"28":76,"29":76,"30":76,"31":76,"32":76,"33":19,"34":19,"35":19,"36":19,"37":76,"38":19,"39":76,"40":76,"41":76,"42":76,"43":76,"44":76,"45":76,"46":76},"f":{"0":76,"1":19,"2":76,"3":10,"4":38,"5":76,"6":2},"b":{"0":[0,19],"1":[1,18],"2":[21,55],"3":[21,34],"4":[17,0],"5":[17,59],"6":[19,57],"7":[76,1]},"meta":{"lastBranch":0,"lastFunction":0,"lastStatement":0,"seen":{}}}
,"/Users/bruno/Documents/khi/kobo-highlights-exporter/src/lib/components/LibraryView.svelte": {"path":"/Users/bruno/Documents/khi/kobo-highlights-exporter/src/lib/components/LibraryView.svelte","statementMap":{"0":{"start":{"line":21,"column":15},"end":{"line":21,"column":null}},"1":{"start":{"line":25,"column":23},"end":{"line":25,"column":null}},"2":{"start":{"line":26,"column":19},"end":{"line":26,"column":null}},"3":{"start":{"line":29,"column":27},"end":{"line":29,"column":null}},"4":{"start":{"line":33,"column":4},"end":{"line":33,"column":null}},"5":{"start":{"line":35,"column":24},"end":{"line":35,"column":54}},"6":{"start":{"line":36,"column":20},"end":{"line":36,"column":34}},"7":{"start":{"line":38,"column":8},"end":{"line":63,"column":null}},"8":{"start":{"line":40,"column":20},"end":{"line":40,"column":null}},"9":{"start":{"line":41,"column":18},"end":{"line":41,"column":null}},"10":{"start":{"line":42,"column":20},"end":{"line":42,"column":null}},"11":{"start":{"line":42,"column":60},"end":{"line":42,"column":71}},"12":{"start":{"line":45,"column":10},"end":{"line":50,"column":null}},"13":{"start":{"line":46,"column":26},"end":{"line":46,"column":null}},"14":{"start":{"line":47,"column":26},"end":{"line":47,"column":null}},"15":{"start":{"line":49,"column":26},"end":{"line":49,"column":null}},"16":{"start":{"line":51,"column":5},"end":{"line":63,"column":null}},"17":{"start":{"line":53,"column":10},"end":{"line":57,"column":null}},"18":{"start":{"line":54,"column":42},"end":{"line":54,"column":null}},"19":{"start":{"line":54,"column":51},"end":{"line":54,"column":null}},"20":{"start":{"line":56,"column":47},"end":{"line":56,"column":null}},"21":{"start":{"line":58,"column":6},"end":{"line":58,"column":null}},"22":{"start":{"line":61,"column":25},"end":{"line":61,"column":null}},"23":{"start":{"line":62,"column":6},"end":{"line":62,"column":null}},"24":{"start":{"line":67,"column":28},"end":{"line":67,"column":null}},"25":{"start":{"line":67,"column":37},"end":{"line":67,"column":48}},"26":{"start":{"line":72,"column":4},"end":{"line":72,"column":null}},"27":{"start":{"line":76,"column":16},"end":{"line":76,"column":null}},"28":{"start":{"line":76,"column":34},"end":{"line":76,"column":45}},"29":{"start":{"line":77,"column":21},"end":{"line":77,"column":null}},"30":{"start":{"line":77,"column":37},"end":{"line":77,"column":null}},"31":{"start":{"line":78,"column":22},"end":{"line":78,"column":null}},"32":{"start":{"line":81,"column":19},"end":{"line":81,"column":null}},"33":{"start":{"line":81,"column":19},"end":{"line":81,"column":53}},"34":{"start":{"line":82,"column":16},"end":{"line":82,"column":null}},"35":{"start":{"line":82,"column":16},"end":{"line":82,"column":40}},"36":{"start":{"line":85,"column":4},"end":{"line":85,"column":null}},"37":{"start":{"line":86,"column":6},"end":{"line":85,"column":null}},"38":{"start":{"line":87,"column":8},"end":{"line":86,"column":null}},"39":{"start":{"line":89,"column":11},"end":{"line":87,"column":null}},"40":{"start":{"line":89,"column":7},"end":{"line":89,"column":32}},"41":{"start":{"line":87,"column":5},"end":{"line":87,"column":null}},"42":{"start":{"line":92,"column":8},"end":{"line":87,"column":null}},"43":{"start":{"line":93,"column":11},"end":{"line":92,"column":null}},"44":{"start":{"line":93,"column":7},"end":{"line":93,"column":37}},"45":{"start":{"line":94,"column":13},"end":{"line":93,"column":37}},"46":{"start":{"line":94,"column":7},"end":{"line":94,"column":78}},"47":{"start":{"line":97,"column":13},"end":{"line":94,"column":48}},"48":{"start":{"line":97,"column":7},"end":{"line":97,"column":80}},"49":{"start":{"line":100,"column":13},"end":{"line":97,"column":48}},"50":{"start":{"line":100,"column":7},"end":{"line":100,"column":84}},"51":{"start":{"line":92,"column":5},"end":{"line":92,"column":null}},"52":{"start":{"line":105,"column":8},"end":{"line":92,"column":null}},"53":{"start":{"line":105,"column":5},"end":{"line":105,"column":null}},"54":{"start":{"line":107,"column":15},"end":{"line":107,"column":56}},"55":{"start":{"line":107,"column":9},"end":{"line":107,"column":90}},"56":{"start":{"line":107,"column":9},"end":{"line":107,"column":56}},"57":{"start":{"line":108,"column":15},"end":{"line":108,"column":null}},"58":{"start":{"line":108,"column":26},"end":{"line":108,"column":null}},"59":{"start":{"line":107,"column":9},"end":{"line":107,"column":null}},"60":{"start":{"line":116,"column":9},"end":{"line":116,"column":null}},"61":{"start":{"line":116,"column":9},"end":{"line":119,"column":null}},"62":{"start":{"line":116,"column":9},"end":{"line":120,"column":null}},"63":{"start":{"line":122,"column":21},"end":{"line":122,"column":null}},"64":{"start":{"line":86,"column":3},"end":{"line":86,"column":null}},"65":{"start":{"line":129,"column":8},"end":{"line":129,"column":null}},"66":{"start":{"line":130,"column":10},"end":{"line":129,"column":null}},"67":{"start":{"line":131,"column":11},"end":{"line":130,"column":63}},"68":{"start":{"line":131,"column":7},"end":{"line":131,"column":50}},"69":{"start":{"line":129,"column":5},"end":{"line":129,"column":null}},"70":{"start":{"line":130,"column":7},"end":{"line":130,"column":null}},"71":{"start":{"line":131,"column":50},"end":{"line":131,"column":null}},"72":{"start":{"line":128,"column":7},"end":{"line":128,"column":null}},"73":{"start":{"line":128,"column":18},"end":{"line":128,"column":null}},"74":{"start":{"line":135,"column":6},"end":{"line":135,"column":null}},"75":{"start":{"line":136,"column":20},"end":{"line":136,"column":null}},"76":{"start":{"line":136,"column":20},"end":{"line":136,"column":24}},"77":{"start":{"line":136,"column":33},"end":{"line":136,"column":47}},"78":{"start":{"line":135,"column":3},"end":{"line":143,"column":null}},"79":{"start":{"line":139,"column":20},"end":{"line":139,"column":null}},"80":{"start":{"line":140,"column":19},"end":{"line":140,"column":null}},"81":{"start":{"line":137,"column":7},"end":{"line":143,"column":null}},"82":{"start":{"line":138,"column":9},"end":{"line":138,"column":null}},"83":{"start":{"line":141,"column":24},"end":{"line":141,"column":null}},"84":{"start":{"line":142,"column":28},"end":{"line":142,"column":null}},"85":{"start":{"line":143,"column":28},"end":{"line":143,"column":null}},"86":{"start":{"line":135,"column":3},"end":{"line":135,"column":null}},"87":{"start":{"line":149,"column":8},"end":{"line":149,"column":null}},"88":{"start":{"line":149,"column":5},"end":{"line":149,"column":null}},"89":{"start":{"line":152,"column":15},"end":{"line":152,"column":56}},"90":{"start":{"line":152,"column":9},"end":{"line":152,"column":null}},"91":{"start":{"line":152,"column":9},"end":{"line":152,"column":56}},"92":{"start":{"line":148,"column":13},"end":{"line":148,"column":null}},"93":{"start":{"line":148,"column":25},"end":{"line":148,"column":null}},"94":{"start":{"line":85,"column":1},"end":{"line":85,"column":null}},"95":{"start":{"line":89,"column":32},"end":{"line":89,"column":null}},"96":{"start":{"line":93,"column":37},"end":{"line":93,"column":null}},"97":{"start":{"line":94,"column":7},"end":{"line":94,"column":null}},"98":{"start":{"line":97,"column":7},"end":{"line":97,"column":null}},"99":{"start":{"line":100,"column":7},"end":{"line":100,"column":null}}},"fnMap":{"0":{"name":"LibraryView","decl":{"start":{"line":1,"column":0},"end":{"line":1,"column":null}},"loc":{"start":{"line":1,"column":0},"end":{"line":83,"column":null}},"line":1},"1":{"name":"isSelected","decl":{"start":{"line":28,"column":11},"end":{"line":28,"column":21}},"loc":{"start":{"line":28,"column":47},"end":{"line":30,"column":null}},"line":28},"2":{"name":"handleBookClick","decl":{"start":{"line":32,"column":11},"end":{"line":32,"column":26}},"loc":{"start":{"line":32,"column":73},"end":{"line":64,"column":null}},"line":32},"3":{"name":"(anonymous_3)","decl":{"start":{"line":42,"column":54},"end":{"line":42,"column":55}},"loc":{"start":{"line":42,"column":60},"end":{"line":42,"column":71}},"line":42},"4":{"name":"(anonymous_4)","decl":{"start":{"line":54,"column":48},"end":{"line":54,"column":49}},"loc":{"start":{"line":54,"column":51},"end":{"line":54,"column":null}},"line":54},"5":{"name":"selectAll","decl":{"start":{"line":66,"column":11},"end":{"line":66,"column":20}},"loc":{"start":{"line":66,"column":23},"end":{"line":68,"column":null}},"line":66},"6":{"name":"(anonymous_6)","decl":{"start":{"line":67,"column":31},"end":{"line":67,"column":32}},"loc":{"start":{"line":67,"column":37},"end":{"line":67,"column":48}},"line":67},"7":{"name":"deselectAll","decl":{"start":{"line":70,"column":11},"end":{"line":70,"column":22}},"loc":{"start":{"line":70,"column":25},"end":{"line":73,"column":null}},"line":70},"8":{"name":"invertSelection","decl":{"start":{"line":75,"column":11},"end":{"line":75,"column":26}},"loc":{"start":{"line":75,"column":29},"end":{"line":79,"column":null}},"line":75},"9":{"name":"(anonymous_9)","decl":{"start":{"line":76,"column":28},"end":{"line":76,"column":29}},"loc":{"start":{"line":76,"column":34},"end":{"line":76,"column":45}},"line":76},"10":{"name":"(anonymous_10)","decl":{"start":{"line":77,"column":34},"end":{"line":77,"column":35}},"loc":{"start":{"line":77,"column":37},"end":{"line":77,"column":null}},"line":77},"11":{"name":"(anonymous_11)","decl":{"start":{"line":81,"column":19},"end":{"line":81,"column":47}},"loc":{"start":{"line":81,"column":19},"end":{"line":81,"column":53}},"line":81},"12":{"name":"(anonymous_12)","decl":{"start":{"line":82,"column":16},"end":{"line":82,"column":34}},"loc":{"start":{"line":82,"column":16},"end":{"line":82,"column":40}},"line":82},"13":{"name":"(anonymous_13)","decl":{"start":{"line":107,"column":63},"end":{"line":107,"column":90}},"loc":{"start":{"line":107,"column":63},"end":{"line":107,"column":90}},"line":107},"14":{"name":"(anonymous_14)","decl":{"start":{"line":107,"column":9},"end":{"line":107,"column":15}},"loc":{"start":{"line":107,"column":9},"end":{"line":107,"column":null}},"line":107},"15":{"name":"(anonymous_15)","decl":{"start":{"line":119,"column":17},"end":{"line":119,"column":null}},"loc":{"start":{"line":119,"column":17},"end":{"line":119,"column":null}},"line":119},"16":{"name":"(anonymous_16)","decl":{"start":{"line":136,"column":20},"end":{"line":136,"column":24}},"loc":{"start":{"line":136,"column":20},"end":{"line":136,"column":24}},"line":136},"17":{"name":"(anonymous_17)","decl":{"start":{"line":135,"column":3},"end":{"line":135,"column":6}},"loc":{"start":{"line":135,"column":3},"end":{"line":143,"column":null}},"line":135},"18":{"name":"(anonymous_18)","decl":{"start":{"line":135,"column":6},"end":{"line":135,"column":null}},"loc":{"start":{"line":135,"column":6},"end":{"line":135,"column":null}},"line":135},"19":{"name":"(anonymous_19)","decl":{"start":{"line":136,"column":47},"end":{"line":136,"column":null}},"loc":{"start":{"line":136,"column":24},"end":{"line":143,"column":null}},"line":136},"20":{"name":"(anonymous_20)","decl":{"start":{"line":139,"column":20},"end":{"line":139,"column":30}},"loc":{"start":{"line":139,"column":20},"end":{"line":139,"column":null}},"line":139},"21":{"name":"(anonymous_21)","decl":{"start":{"line":140,"column":19},"end":{"line":140,"column":32}},"loc":{"start":{"line":140,"column":19},"end":{"line":140,"column":null}},"line":140},"22":{"name":"(anonymous_22)","decl":{"start":{"line":137,"column":7},"end":{"line":137,"column":null}},"loc":{"start":{"line":137,"column":7},"end":{"line":143,"column":null}},"line":137},"23":{"name":"(anonymous_23)","decl":{"start":{"line":141,"column":18},"end":{"line":141,"column":19}},"loc":{"start":{"line":141,"column":24},"end":{"line":141,"column":null}},"line":141},"24":{"name":"(anonymous_24)","decl":{"start":{"line":142,"column":28},"end":{"line":142,"column":41}},"loc":{"start":{"line":142,"column":28},"end":{"line":142,"column":null}},"line":142},"25":{"name":"(anonymous_25)","decl":{"start":{"line":143,"column":28},"end":{"line":143,"column":41}},"loc":{"start":{"line":143,"column":28},"end":{"line":143,"column":null}},"line":143},"26":{"name":"(anonymous_26)","decl":{"start":{"line":152,"column":63},"end":{"line":152,"column":null}},"loc":{"start":{"line":152,"column":63},"end":{"line":152,"column":null}},"line":152}},"branchMap":{"0":{"loc":{"start":{"line":35,"column":24},"end":{"line":35,"column":54}},"type":"binary-expr","locations":[{"start":{"line":35,"column":24},"end":{"line":35,"column":37}},{"start":{"line":35,"column":41},"end":{"line":35,"column":54}}],"line":35},"1":{"loc":{"start":{"line":38,"column":8},"end":{"line":63,"column":null}},"type":"if","locations":[{"start":{"line":38,"column":8},"end":{"line":63,"column":null}},{"start":{"line":51,"column":5},"end":{"line":63,"column":null}}],"line":38},"2":{"loc":{"start":{"line":38,"column":8},"end":{"line":38,"column":45}},"type":"binary-expr","locations":[{"start":{"line":38,"column":8},"end":{"line":38,"column":15}},{"start":{"line":38,"column":15},"end":{"line":38,"column":45}}],"line":38},"3":{"loc":{"start":{"line":45,"column":10},"end":{"line":50,"column":null}},"type":"if","locations":[{"start":{"line":45,"column":10},"end":{"line":50,"column":null}},{"start":{"line":48,"column":13},"end":{"line":50,"column":null}}],"line":45},"4":{"loc":{"start":{"line":51,"column":5},"end":{"line":63,"column":null}},"type":"if","locations":[{"start":{"line":51,"column":5},"end":{"line":63,"column":null}},{"start":{"line":59,"column":11},"end":{"line":63,"column":null}}],"line":51},"5":{"loc":{"start":{"line":53,"column":10},"end":{"line":57,"column":null}},"type":"if","locations":[{"start":{"line":53,"column":10},"end":{"line":57,"column":null}},{"start":{"line":55,"column":13},"end":{"line":57,"column":null}}],"line":53},"6":{"loc":{"start":{"line":108,"column":15},"end":{"line":108,"column":null}},"type":"if","locations":[{"start":{"line":108,"column":15},"end":{"line":108,"column":null}},{"start":{"line":108,"column":26},"end":{"line":108,"column":null}}],"line":108},"7":{"loc":{"start":{"line":120,"column":20},"end":{"line":120,"column":null}},"type":"binary-expr","locations":[{"start":{"line":120,"column":20},"end":{"line":120,"column":35}},{"start":{"line":120,"column":31},"end":{"line":120,"column":null}}],"line":120},"8":{"loc":{"start":{"line":122,"column":21},"end":{"line":122,"column":null}},"type":"binary-expr","locations":[{"start":{"line":122,"column":21},"end":{"line":122,"column":null}},{"start":{"line":122,"column":34},"end":{"line":122,"column":null}}],"line":122},"9":{"loc":{"start":{"line":130,"column":10},"end":{"line":130,"column":null}},"type":"binary-expr","locations":[{"start":{"line":130,"column":10},"end":{"line":130,"column":73}},{"start":{"line":130,"column":73},"end":{"line":130,"column":null}}],"line":130},"10":{"loc":{"start":{"line":128,"column":7},"end":{"line":128,"column":null}},"type":"binary-expr","locations":[{"start":{"line":128,"column":7},"end":{"line":128,"column":null}},{"start":{"line":128,"column":18},"end":{"line":128,"column":null}}],"line":128},"11":{"loc":{"start":{"line":148,"column":13},"end":{"line":148,"column":null}},"type":"if","locations":[{"start":{"line":148,"column":13},"end":{"line":148,"column":null}},{"start":{},"end":{}}],"line":148},"12":{"loc":{"start":{"line":89,"column":32},"end":{"line":89,"column":null}},"type":"binary-expr","locations":[{"start":{"line":89,"column":32},"end":{"line":89,"column":null}},{"start":{"line":89,"column":42},"end":{"line":89,"column":null}}],"line":89},"13":{"loc":{"start":{"line":93,"column":37},"end":{"line":93,"column":null}},"type":"binary-expr","locations":[{"start":{"line":93,"column":37},"end":{"line":93,"column":null}},{"start":{"line":93,"column":50},"end":{"line":93,"column":null}}],"line":93}},"s":{"0":20,"1":20,"2":20,"3":57,"4":8,"5":8,"6":8,"7":8,"8":2,"9":2,"10":2,"11":6,"12":2,"13":1,"14":1,"15":1,"16":6,"17":3,"18":1,"19":2,"20":2,"21":3,"22":3,"23":3,"24":1,"25":3,"26":1,"27":1,"28":3,"29":1,"30":3,"31":1,"32":20,"33":20,"34":20,"35":20,"36":20,"37":20,"38":20,"39":20,"40":20,"41":20,"42":20,"43":20,"44":20,"45":20,"46":20,"47":20,"48":20,"49":20,"50":20,"51":20,"52":20,"53":20,"54":3,"55":3,"56":3,"57":3,"58":2,"59":3,"60":2,"61":2,"62":2,"63":2,"64":20,"65":1,"66":1,"67":1,"68":1,"69":1,"70":1,"71":1,"72":20,"73":1,"74":20,"75":20,"76":20,"77":54,"78":20,"79":54,"80":54,"81":54,"82":324,"83":8,"84":0,"85":0,"86":20,"87":2,"88":2,"89":1,"90":1,"91":1,"92":20,"93":2,"94":20,"95":20,"96":20,"97":20,"98":20,"99":20},"f":{"0":20,"1":57,"2":8,"3":6,"4":2,"5":1,"6":3,"7":1,"8":1,"9":3,"10":3,"11":20,"12":20,"13":1,"14":3,"15":1,"16":74,"17":20,"18":74,"19":54,"20":54,"21":54,"22":54,"23":8,"24":0,"25":0,"26":0},"b":{"0":[8,5],"1":[2,6],"2":[8,2],"3":[1,1],"4":[3,3],"5":[1,2],"6":[1,2],"7":[2,2],"8":[2,0],"9":[1,0],"10":[20,2],"11":[2,18],"12":[20,0],"13":[20,0]},"meta":{"lastBranch":0,"lastFunction":0,"lastStatement":0,"seen":{}}}
,"/Users/bruno/Documents/khi/kobo-highlights-exporter/src/lib/stores/library.svelte.ts": {"path":"/Users/bruno/Documents/khi/kobo-highlights-exporter/src/lib/stores/library.svelte.ts","statementMap":{"0":{"start":{"line":5,"column":4},"end":{"line":5,"column":null}},"1":{"start":{"line":6,"column":4},"end":{"line":6,"column":null}},"2":{"start":{"line":7,"column":4},"end":{"line":7,"column":null}},"3":{"start":{"line":8,"column":4},"end":{"line":8,"column":null}},"4":{"start":{"line":9,"column":4},"end":{"line":9,"column":null}},"5":{"start":{"line":10,"column":4},"end":{"line":10,"column":null}},"6":{"start":{"line":14,"column":9},"end":{"line":14,"column":null}},"7":{"start":{"line":18,"column":9},"end":{"line":18,"column":null}},"8":{"start":{"line":22,"column":9},"end":{"line":22,"column":null}},"9":{"start":{"line":26,"column":9},"end":{"line":26,"column":null}},"10":{"start":{"line":30,"column":9},"end":{"line":30,"column":null}},"11":{"start":{"line":34,"column":9},"end":{"line":34,"column":null}},"12":{"start":{"line":38,"column":9},"end":{"line":38,"column":null}},"13":{"start":{"line":38,"column":22},"end":{"line":38,"column":null}},"14":{"start":{"line":43,"column":2},"end":{"line":43,"column":null}},"15":{"start":{"line":47,"column":2},"end":{"line":47,"column":null}},"16":{"start":{"line":52,"column":8},"end":{"line":52,"column":null}},"17":{"start":{"line":52,"column":45},"end":{"line":52,"column":56}},"18":{"start":{"line":53,"column":25},"end":{"line":53,"column":null}},"19":{"start":{"line":53,"column":41},"end":{"line":53,"column":null}},"20":{"start":{"line":54,"column":2},"end":{"line":54,"column":null}},"21":{"start":{"line":58,"column":2},"end":{"line":59,"column":null}},"22":{"start":{"line":58,"column":20},"end":{"line":59,"column":null}},"23":{"start":{"line":64,"column":2},"end":{"line":64,"column":null}},"24":{"start":{"line":64,"column":23},"end":{"line":64,"column":null}},"25":{"start":{"line":65,"column":2},"end":{"line":65,"column":null}},"26":{"start":{"line":65,"column":43},"end":{"line":65,"column":null}},"27":{"start":{"line":69,"column":2},"end":{"line":69,"column":null}},"28":{"start":{"line":70,"column":2},"end":{"line":70,"column":null}},"29":{"start":{"line":75,"column":2},"end":{"line":75,"column":null}},"30":{"start":{"line":76,"column":6},"end":{"line":86,"column":null}},"31":{"start":{"line":77,"column":10},"end":{"line":77,"column":null}},"32":{"start":{"line":78,"column":4},"end":{"line":78,"column":null}},"33":{"start":{"line":79,"column":11},"end":{"line":79,"column":null}},"34":{"start":{"line":81,"column":4},"end":{"line":81,"column":null}},"35":{"start":{"line":82,"column":4},"end":{"line":82,"column":null}},"36":{"start":{"line":83,"column":11},"end":{"line":83,"column":null}},"37":{"start":{"line":85,"column":4},"end":{"line":85,"column":null}},"38":{"start":{"line":90,"column":7},"end":{"line":92,"column":null}},"39":{"start":{"line":91,"column":14},"end":{"line":91,"column":null}},"40":{"start":{"line":94,"column":2},"end":{"line":94,"column":null}},"41":{"start":{"line":103,"column":6},"end":{"line":118,"column":null}},"42":{"start":{"line":104,"column":10},"end":{"line":105,"column":null}},"43":{"start":{"line":109,"column":4},"end":{"line":109,"column":null}},"44":{"start":{"line":111,"column":11},"end":{"line":111,"column":null}},"45":{"start":{"line":113,"column":4},"end":{"line":113,"column":null}},"46":{"start":{"line":114,"column":10},"end":{"line":114,"column":null}},"47":{"start":{"line":116,"column":4},"end":{"line":116,"column":null}},"48":{"start":{"line":117,"column":4},"end":{"line":117,"column":null}},"49":{"start":{"line":122,"column":24},"end":{"line":122,"column":null}},"50":{"start":{"line":124,"column":6},"end":{"line":126,"column":null}},"51":{"start":{"line":125,"column":14},"end":{"line":125,"column":null}},"52":{"start":{"line":128,"column":6},"end":{"line":149,"column":null}},"53":{"start":{"line":129,"column":10},"end":{"line":141,"column":null}},"54":{"start":{"line":145,"column":11},"end":{"line":145,"column":null}},"55":{"start":{"line":147,"column":4},"end":{"line":147,"column":null}},"56":{"start":{"line":148,"column":10},"end":{"line":148,"column":null}},"57":{"start":{"line":153,"column":6},"end":{"line":159,"column":null}},"58":{"start":{"line":154,"column":17},"end":{"line":154,"column":null}},"59":{"start":{"line":156,"column":4},"end":{"line":156,"column":null}},"60":{"start":{"line":158,"column":11},"end":{"line":158,"column":null}},"61":{"start":{"line":163,"column":6},"end":{"line":168,"column":null}},"62":{"start":{"line":164,"column":17},"end":{"line":164,"column":null}},"63":{"start":{"line":166,"column":4},"end":{"line":166,"column":null}},"64":{"start":{"line":167,"column":11},"end":{"line":167,"column":null}},"65":{"start":{"line":173,"column":18},"end":{"line":173,"column":null}},"66":{"start":{"line":174,"column":19},"end":{"line":188,"column":null}},"67":{"start":{"line":175,"column":4},"end":{"line":175,"column":null}},"68":{"start":{"line":176,"column":8},"end":{"line":179,"column":null}},"69":{"start":{"line":177,"column":6},"end":{"line":177,"column":null}}},"fnMap":{"0":{"name":"getBooks","decl":{"start":{"line":13,"column":16},"end":{"line":13,"column":35}},"loc":{"start":{"line":13,"column":35},"end":{"line":15,"column":null}},"line":13},"1":{"name":"getSelectedBookIds","decl":{"start":{"line":17,"column":16},"end":{"line":17,"column":47}},"loc":{"start":{"line":17,"column":47},"end":{"line":19,"column":null}},"line":17},"2":{"name":"getIsImporting","decl":{"start":{"line":21,"column":16},"end":{"line":21,"column":42}},"loc":{"start":{"line":21,"column":42},"end":{"line":23,"column":null}},"line":21},"3":{"name":"getImportProgress","decl":{"start":{"line":25,"column":16},"end":{"line":25,"column":64}},"loc":{"start":{"line":25,"column":64},"end":{"line":27,"column":null}},"line":25},"4":{"name":"getConnectedDevice","decl":{"start":{"line":29,"column":16},"end":{"line":29,"column":61}},"loc":{"start":{"line":29,"column":61},"end":{"line":31,"column":null}},"line":29},"5":{"name":"getIsScanning","decl":{"start":{"line":33,"column":16},"end":{"line":33,"column":41}},"loc":{"start":{"line":33,"column":41},"end":{"line":35,"column":null}},"line":33},"6":{"name":"getSelectedBooks","decl":{"start":{"line":37,"column":16},"end":{"line":37,"column":43}},"loc":{"start":{"line":37,"column":43},"end":{"line":39,"column":null}},"line":37},"7":{"name":"(anonymous_7)","decl":{"start":{"line":38,"column":15},"end":{"line":38,"column":22}},"loc":{"start":{"line":38,"column":22},"end":{"line":38,"column":null}},"line":38},"8":{"name":"setBooks","decl":{"start":{"line":42,"column":16},"end":{"line":42,"column":25}},"loc":{"start":{"line":42,"column":49},"end":{"line":44,"column":null}},"line":42},"9":{"name":"setSelectedBookIds","decl":{"start":{"line":46,"column":16},"end":{"line":46,"column":35}},"loc":{"start":{"line":46,"column":56},"end":{"line":48,"column":null}},"line":46},"10":{"name":"addBooks","decl":{"start":{"line":50,"column":16},"end":{"line":50,"column":25}},"loc":{"start":{"line":50,"column":49},"end":{"line":55,"column":null}},"line":50},"11":{"name":"(anonymous_11)","decl":{"start":{"line":52,"column":36},"end":{"line":52,"column":40}},"loc":{"start":{"line":52,"column":45},"end":{"line":52,"column":56}},"line":52},"12":{"name":"(anonymous_12)","decl":{"start":{"line":53,"column":34},"end":{"line":53,"column":41}},"loc":{"start":{"line":53,"column":41},"end":{"line":53,"column":null}},"line":53},"13":{"name":"updateBook","decl":{"start":{"line":57,"column":16},"end":{"line":57,"column":27}},"loc":{"start":{"line":57,"column":52},"end":{"line":61,"column":null}},"line":57},"14":{"name":"(anonymous_14)","decl":{"start":{"line":58,"column":16},"end":{"line":58,"column":20}},"loc":{"start":{"line":58,"column":20},"end":{"line":59,"column":null}},"line":58},"15":{"name":"removeBook","decl":{"start":{"line":63,"column":16},"end":{"line":63,"column":27}},"loc":{"start":{"line":63,"column":49},"end":{"line":66,"column":null}},"line":63},"16":{"name":"(anonymous_16)","decl":{"start":{"line":64,"column":16},"end":{"line":64,"column":23}},"loc":{"start":{"line":64,"column":23},"end":{"line":64,"column":null}},"line":64},"17":{"name":"(anonymous_17)","decl":{"start":{"line":65,"column":36},"end":{"line":65,"column":43}},"loc":{"start":{"line":65,"column":43},"end":{"line":65,"column":null}},"line":65},"18":{"name":"clearBooks","decl":{"start":{"line":68,"column":16},"end":{"line":68,"column":35}},"loc":{"start":{"line":68,"column":35},"end":{"line":71,"column":null}},"line":68},"19":{"name":"scanForDevice","decl":{"start":{"line":74,"column":22},"end":{"line":74,"column":66}},"loc":{"start":{"line":74,"column":66},"end":{"line":87,"column":null}},"line":74},"20":{"name":"importHighlights","decl":{"start":{"line":89,"column":22},"end":{"line":89,"column":58}},"loc":{"start":{"line":89,"column":58},"end":{"line":119,"column":null}},"line":89},"21":{"name":"exportBooks","decl":{"start":{"line":121,"column":22},"end":{"line":121,"column":34}},"loc":{"start":{"line":121,"column":73},"end":{"line":150,"column":null}},"line":121},"22":{"name":"getDefaultExportPath","decl":{"start":{"line":152,"column":22},"end":{"line":152,"column":62}},"loc":{"start":{"line":152,"column":62},"end":{"line":160,"column":null}},"line":152},"23":{"name":"validateExportPath","decl":{"start":{"line":162,"column":22},"end":{"line":162,"column":41}},"loc":{"start":{"line":162,"column":73},"end":{"line":169,"column":null}},"line":162},"24":{"name":"simulateImportProgress","decl":{"start":{"line":172,"column":16},"end":{"line":172,"column":39}},"loc":{"start":{"line":172,"column":65},"end":{"line":189,"column":null}},"line":172},"25":{"name":"(anonymous_25)","decl":{"start":{"line":174,"column":37},"end":{"line":174,"column":null}},"loc":{"start":{"line":174,"column":37},"end":{"line":188,"column":5}},"line":174}},"branchMap":{"0":{"loc":{"start":{"line":58,"column":20},"end":{"line":59,"column":null}},"type":"cond-expr","locations":[{"start":{"line":59,"column":47},"end":{"line":59,"column":61}},{"start":{"line":59,"column":61},"end":{"line":59,"column":null}}],"line":58},"1":{"loc":{"start":{"line":78,"column":22},"end":{"line":78,"column":null}},"type":"binary-expr","locations":[{"start":{"line":78,"column":22},"end":{"line":78,"column":32}},{"start":{"line":78,"column":22},"end":{"line":78,"column":null}}],"line":78},"2":{"loc":{"start":{"line":90,"column":7},"end":{"line":92,"column":null}},"type":"if","locations":[{"start":{"line":90,"column":7},"end":{"line":92,"column":null}},{"start":{},"end":{}}],"line":90},"3":{"loc":{"start":{"line":124,"column":6},"end":{"line":126,"column":null}},"type":"if","locations":[{"start":{"line":124,"column":6},"end":{"line":126,"column":null}},{"start":{},"end":{}}],"line":124},"4":{"loc":{"start":{"line":176,"column":8},"end":{"line":179,"column":null}},"type":"if","locations":[{"start":{"line":176,"column":8},"end":{"line":179,"column":null}},{"start":{},"end":{}}],"line":176}},"s":{"0":1,"1":1,"2":1,"3":1,"4":1,"5":1,"6":6,"7":3,"8":2,"9":2,"10":3,"11":1,"12":3,"13":6,"14":8,"15":6,"16":3,"17":1,"18":3,"19":3,"20":3,"21":1,"22":2,"23":1,"24":2,"25":1,"26":2,"27":21,"28":21,"29":5,"30":5,"31":5,"32":4,"33":5,"34":1,"35":1,"36":1,"37":5,"38":3,"39":1,"40":2,"41":2,"42":2,"43":2,"44":2,"45":0,"46":0,"47":2,"48":2,"49":2,"50":2,"51":1,"52":1,"53":1,"54":1,"55":0,"56":0,"57":2,"58":2,"59":1,"60":1,"61":3,"62":3,"63":1,"64":1,"65":0,"66":0,"67":0,"68":0,"69":0},"f":{"0":6,"1":3,"2":2,"3":2,"4":3,"5":1,"6":3,"7":6,"8":8,"9":6,"10":3,"11":1,"12":3,"13":1,"14":2,"15":1,"16":2,"17":2,"18":21,"19":5,"20":3,"21":2,"22":2,"23":3,"24":0,"25":0},"b":{"0":[1,1],"1":[4,1],"2":[1,2],"3":[1,1],"4":[0,0]},"meta":{"lastBranch":5,"lastFunction":26,"lastStatement":70,"seen":{"s:5:4:5:Infinity":0,"s:6:4:6:Infinity":1,"s:7:4:7:Infinity":2,"s:8:4:8:Infinity":3,"s:9:4:9:Infinity":4,"s:10:4:10:Infinity":5,"f:13:16:13:35":0,"s:14:9:14:Infinity":6,"f:17:16:17:47":1,"s:18:9:18:Infinity":7,"f:21:16:21:42":2,"s:22:9:22:Infinity":8,"f:25:16:25:64":3,"s:26:9:26:Infinity":9,"f:29:16:29:61":4,"s:30:9:30:Infinity":10,"f:33:16:33:41":5,"s:34:9:34:Infinity":11,"f:37:16:37:43":6,"s:38:9:38:Infinity":12,"f:38:15:38:22":7,"s:38:22:38:Infinity":13,"f:42:16:42:25":8,"s:43:2:43:Infinity":14,"f:46:16:46:35":9,"s:47:2:47:Infinity":15,"f:50:16:50:25":10,"s:52:8:52:Infinity":16,"f:52:36:52:40":11,"s:52:45:52:56":17,"s:53:25:53:Infinity":18,"f:53:34:53:41":12,"s:53:41:53:Infinity":19,"s:54:2:54:Infinity":20,"f:57:16:57:27":13,"s:58:2:59:Infinity":21,"f:58:16:58:20":14,"s:58:20:59:Infinity":22,"b:59:47:59:61:59:61:59:Infinity":0,"f:63:16:63:27":15,"s:64:2:64:Infinity":23,"f:64:16:64:23":16,"s:64:23:64:Infinity":24,"s:65:2:65:Infinity":25,"f:65:36:65:43":17,"s:65:43:65:Infinity":26,"f:68:16:68:35":18,"s:69:2:69:Infinity":27,"s:70:2:70:Infinity":28,"f:74:22:74:66":19,"s:75:2:75:Infinity":29,"s:76:6:86:Infinity":30,"s:77:10:77:Infinity":31,"s:78:4:78:Infinity":32,"b:78:22:78:32:78:22:78:Infinity":1,"s:79:11:79:Infinity":33,"s:81:4:81:Infinity":34,"s:82:4:82:Infinity":35,"s:83:11:83:Infinity":36,"s:85:4:85:Infinity":37,"f:89:22:89:58":20,"b:90:7:92:Infinity:undefined:undefined:undefined:undefined":2,"s:90:7:92:Infinity":38,"s:91:14:91:Infinity":39,"s:94:2:94:Infinity":40,"s:103:6:118:Infinity":41,"s:104:10:105:Infinity":42,"s:109:4:109:Infinity":43,"s:111:11:111:Infinity":44,"s:113:4:113:Infinity":45,"s:114:10:114:Infinity":46,"s:116:4:116:Infinity":47,"s:117:4:117:Infinity":48,"f:121:22:121:34":21,"s:122:24:122:Infinity":49,"b:124:6:126:Infinity:undefined:undefined:undefined:undefined":3,"s:124:6:126:Infinity":50,"s:125:14:125:Infinity":51,"s:128:6:149:Infinity":52,"s:129:10:141:Infinity":53,"s:145:11:145:Infinity":54,"s:147:4:147:Infinity":55,"s:148:10:148:Infinity":56,"f:152:22:152:62":22,"s:153:6:159:Infinity":57,"s:154:17:154:Infinity":58,"s:156:4:156:Infinity":59,"s:158:11:158:Infinity":60,"f:162:22:162:41":23,"s:163:6:168:Infinity":61,"s:164:17:164:Infinity":62,"s:166:4:166:Infinity":63,"s:167:11:167:Infinity":64,"f:172:16:172:39":24,"s:173:18:173:Infinity":65,"s:174:19:188:Infinity":66,"f:174:37:174:Infinity":25,"s:175:4:175:Infinity":67,"b:176:8:179:Infinity:undefined:undefined:undefined:undefined":4,"s:176:8:179:Infinity":68,"s:177:6:177:Infinity":69}}}
,"/Users/bruno/Documents/khi/kobo-highlights-exporter/src/lib/utils/markdown.ts": {"path":"/Users/bruno/Documents/khi/kobo-highlights-exporter/src/lib/utils/markdown.ts","statementMap":{"0":{"start":{"line":17,"column":2},"end":{"line":19,"column":null}},"1":{"start":{"line":18,"column":4},"end":{"line":18,"column":null}},"2":{"start":{"line":21,"column":2},"end":{"line":25,"column":null}},"3":{"start":{"line":32,"column":15},"end":{"line":32,"column":null}},"4":{"start":{"line":34,"column":2},"end":{"line":36,"column":null}},"5":{"start":{"line":35,"column":4},"end":{"line":35,"column":null}},"6":{"start":{"line":38,"column":2},"end":{"line":47,"column":null}},"7":{"start":{"line":40,"column":6},"end":{"line":40,"column":null}},"8":{"start":{"line":42,"column":6},"end":{"line":42,"column":null}},"9":{"start":{"line":44,"column":6},"end":{"line":44,"column":null}},"10":{"start":{"line":46,"column":6},"end":{"line":46,"column":null}},"11":{"start":{"line":54,"column":25},"end":{"line":54,"column":null}},"12":{"start":{"line":55,"column":26},"end":{"line":55,"column":null}},"13":{"start":{"line":56,"column":2},"end":{"line":56,"column":null}},"14":{"start":{"line":63,"column":26},"end":{"line":63,"column":null}},"15":{"start":{"line":66,"column":22},"end":{"line":66,"column":null}},"16":{"start":{"line":67,"column":2},"end":{"line":67,"column":null}},"17":{"start":{"line":68,"column":2},"end":{"line":68,"column":null}},"18":{"start":{"line":71,"column":34},"end":{"line":71,"column":null}},"19":{"start":{"line":72,"column":2},"end":{"line":74,"column":null}},"20":{"start":{"line":73,"column":4},"end":{"line":73,"column":null}},"21":{"start":{"line":75,"column":2},"end":{"line":77,"column":null}},"22":{"start":{"line":76,"column":4},"end":{"line":76,"column":null}},"23":{"start":{"line":79,"column":2},"end":{"line":81,"column":null}},"24":{"start":{"line":80,"column":4},"end":{"line":80,"column":null}},"25":{"start":{"line":84,"column":2},"end":{"line":86,"column":null}},"26":{"start":{"line":85,"column":4},"end":{"line":85,"column":null}},"27":{"start":{"line":89,"column":2},"end":{"line":92,"column":null}},"28":{"start":{"line":90,"column":4},"end":{"line":90,"column":null}},"29":{"start":{"line":91,"column":4},"end":{"line":91,"column":null}},"30":{"start":{"line":94,"column":2},"end":{"line":94,"column":null}},"31":{"start":{"line":101,"column":17},"end":{"line":101,"column":null}},"32":{"start":{"line":103,"column":2},"end":{"line":109,"column":null}},"33":{"start":{"line":104,"column":20},"end":{"line":104,"column":null}},"34":{"start":{"line":105,"column":4},"end":{"line":107,"column":null}},"35":{"start":{"line":106,"column":6},"end":{"line":106,"column":null}},"36":{"start":{"line":108,"column":4},"end":{"line":108,"column":null}},"37":{"start":{"line":111,"column":2},"end":{"line":111,"column":null}},"38":{"start":{"line":118,"column":26},"end":{"line":118,"column":null}},"39":{"start":{"line":121,"column":2},"end":{"line":121,"column":null}},"40":{"start":{"line":122,"column":2},"end":{"line":122,"column":null}},"41":{"start":{"line":125,"column":29},"end":{"line":125,"column":null}},"42":{"start":{"line":127,"column":2},"end":{"line":129,"column":null}},"43":{"start":{"line":128,"column":4},"end":{"line":128,"column":null}},"44":{"start":{"line":130,"column":2},"end":{"line":132,"column":null}},"45":{"start":{"line":131,"column":4},"end":{"line":131,"column":null}},"46":{"start":{"line":133,"column":2},"end":{"line":135,"column":null}},"47":{"start":{"line":134,"column":4},"end":{"line":134,"column":null}},"48":{"start":{"line":136,"column":2},"end":{"line":138,"column":null}},"49":{"start":{"line":137,"column":4},"end":{"line":137,"column":null}},"50":{"start":{"line":139,"column":2},"end":{"line":141,"column":null}},"51":{"start":{"line":140,"column":4},"end":{"line":140,"column":null}},"52":{"start":{"line":142,"column":2},"end":{"line":145,"column":null}},"53":{"start":{"line":143,"column":4},"end":{"line":143,"column":null}},"54":{"start":{"line":144,"column":4},"end":{"line":144,"column":null}},"55":{"start":{"line":147,"column":2},"end":{"line":150,"column":null}},"56":{"start":{"line":148,"column":4},"end":{"line":148,"column":null}},"57":{"start":{"line":149,"column":4},"end":{"line":149,"column":null}},"58":{"start":{"line":153,"column":27},"end":{"line":153,"column":null}},"59":{"start":{"line":153,"column":55},"end":{"line":153,"column":68}},"60":{"start":{"line":155,"column":2},"end":{"line":157,"column":null}},"61":{"start":{"line":156,"column":4},"end":{"line":156,"column":null}},"62":{"start":{"line":159,"column":2},"end":{"line":159,"column":null}},"63":{"start":{"line":160,"column":2},"end":{"line":160,"column":null}},"64":{"start":{"line":163,"column":18},"end":{"line":163,"column":null}},"65":{"start":{"line":165,"column":2},"end":{"line":181,"column":null}},"66":{"start":{"line":166,"column":4},"end":{"line":169,"column":null}},"67":{"start":{"line":167,"column":6},"end":{"line":167,"column":null}},"68":{"start":{"line":168,"column":6},"end":{"line":168,"column":null}},"69":{"start":{"line":171,"column":4},"end":{"line":180,"column":null}},"70":{"start":{"line":171,"column":17},"end":{"line":171,"column":20}},"71":{"start":{"line":172,"column":6},"end":{"line":172,"column":null}},"72":{"start":{"line":175,"column":6},"end":{"line":179,"column":null}},"73":{"start":{"line":176,"column":8},"end":{"line":176,"column":null}},"74":{"start":{"line":177,"column":8},"end":{"line":177,"column":null}},"75":{"start":{"line":178,"column":8},"end":{"line":178,"column":null}},"76":{"start":{"line":183,"column":2},"end":{"line":183,"column":null}}},"fnMap":{"0":{"name":"sanitizeFilename","decl":{"start":{"line":16,"column":16},"end":{"line":16,"column":33}},"loc":{"start":{"line":16,"column":59},"end":{"line":26,"column":null}},"line":16},"1":{"name":"formatDate","decl":{"start":{"line":31,"column":9},"end":{"line":31,"column":20}},"loc":{"start":{"line":31,"column":100},"end":{"line":48,"column":null}},"line":31},"2":{"name":"generateFilename","decl":{"start":{"line":53,"column":16},"end":{"line":53,"column":33}},"loc":{"start":{"line":53,"column":53},"end":{"line":57,"column":null}},"line":53},"3":{"name":"generateHighlightMarkdown","decl":{"start":{"line":62,"column":9},"end":{"line":62,"column":35}},"loc":{"start":{"line":62,"column":91},"end":{"line":95,"column":null}},"line":62},"4":{"name":"groupHighlightsByChapter","decl":{"start":{"line":100,"column":9},"end":{"line":100,"column":34}},"loc":{"start":{"line":100,"column":85},"end":{"line":112,"column":null}},"line":100},"5":{"name":"generateMarkdown","decl":{"start":{"line":117,"column":16},"end":{"line":117,"column":33}},"loc":{"start":{"line":117,"column":79},"end":{"line":184,"column":null}},"line":117},"6":{"name":"(anonymous_6)","decl":{"start":{"line":153,"column":50},"end":{"line":153,"column":55}},"loc":{"start":{"line":153,"column":55},"end":{"line":153,"column":68}},"line":153}},"branchMap":{"0":{"loc":{"start":{"line":17,"column":2},"end":{"line":19,"column":null}},"type":"if","locations":[{"start":{"line":17,"column":2},"end":{"line":19,"column":null}},{"start":{},"end":{}}],"line":17},"1":{"loc":{"start":{"line":17,"column":6},"end":{"line":17,"column":49}},"type":"binary-expr","locations":[{"start":{"line":17,"column":6},"end":{"line":17,"column":19}},{"start":{"line":17,"column":19},"end":{"line":17,"column":49}}],"line":17},"2":{"loc":{"start":{"line":31,"column":37},"end":{"line":31,"column":100}},"type":"default-arg","locations":[{"start":{"line":31,"column":77},"end":{"line":31,"column":100}}],"line":31},"3":{"loc":{"start":{"line":34,"column":2},"end":{"line":36,"column":null}},"type":"if","locations":[{"start":{"line":34,"column":2},"end":{"line":36,"column":null}},{"start":{},"end":{}}],"line":34},"4":{"loc":{"start":{"line":38,"column":2},"end":{"line":47,"column":null}},"type":"switch","locations":[{"start":{"line":39,"column":4},"end":{"line":40,"column":null}},{"start":{"line":41,"column":4},"end":{"line":42,"column":null}},{"start":{"line":43,"column":4},"end":{"line":44,"column":null}},{"start":{"line":45,"column":4},"end":{"line":46,"column":null}}],"line":38},"5":{"loc":{"start":{"line":66,"column":22},"end":{"line":66,"column":null}},"type":"binary-expr","locations":[{"start":{"line":66,"column":22},"end":{"line":66,"column":46}},{"start":{"line":66,"column":46},"end":{"line":66,"column":null}}],"line":66},"6":{"loc":{"start":{"line":72,"column":2},"end":{"line":74,"column":null}},"type":"if","locations":[{"start":{"line":72,"column":2},"end":{"line":74,"column":null}},{"start":{},"end":{}}],"line":72},"7":{"loc":{"start":{"line":75,"column":2},"end":{"line":77,"column":null}},"type":"if","locations":[{"start":{"line":75,"column":2},"end":{"line":77,"column":null}},{"start":{},"end":{}}],"line":75},"8":{"loc":{"start":{"line":79,"column":2},"end":{"line":81,"column":null}},"type":"if","locations":[{"start":{"line":79,"column":2},"end":{"line":81,"column":null}},{"start":{},"end":{}}],"line":79},"9":{"loc":{"start":{"line":84,"column":2},"end":{"line":86,"column":null}},"type":"if","locations":[{"start":{"line":84,"column":2},"end":{"line":86,"column":null}},{"start":{},"end":{}}],"line":84},"10":{"loc":{"start":{"line":89,"column":2},"end":{"line":92,"column":null}},"type":"if","locations":[{"start":{"line":89,"column":2},"end":{"line":92,"column":null}},{"start":{},"end":{}}],"line":89},"11":{"loc":{"start":{"line":104,"column":20},"end":{"line":104,"column":null}},"type":"binary-expr","locations":[{"start":{"line":104,"column":20},"end":{"line":104,"column":46}},{"start":{"line":104,"column":46},"end":{"line":104,"column":null}}],"line":104},"12":{"loc":{"start":{"line":105,"column":4},"end":{"line":107,"column":null}},"type":"if","locations":[{"start":{"line":105,"column":4},"end":{"line":107,"column":null}},{"start":{},"end":{}}],"line":105},"13":{"loc":{"start":{"line":127,"column":2},"end":{"line":129,"column":null}},"type":"if","locations":[{"start":{"line":127,"column":2},"end":{"line":129,"column":null}},{"start":{},"end":{}}],"line":127},"14":{"loc":{"start":{"line":127,"column":6},"end":{"line":127,"column":44}},"type":"binary-expr","locations":[{"start":{"line":127,"column":6},"end":{"line":127,"column":31}},{"start":{"line":127,"column":31},"end":{"line":127,"column":44}}],"line":127},"15":{"loc":{"start":{"line":130,"column":2},"end":{"line":132,"column":null}},"type":"if","locations":[{"start":{"line":130,"column":2},"end":{"line":132,"column":null}},{"start":{},"end":{}}],"line":130},"16":{"loc":{"start":{"line":130,"column":6},"end":{"line":130,"column":40}},"type":"binary-expr","locations":[{"start":{"line":130,"column":6},"end":{"line":130,"column":29}},{"start":{"line":130,"column":29},"end":{"line":130,"column":40}}],"line":130},"17":{"loc":{"start":{"line":133,"column":2},"end":{"line":135,"column":null}},"type":"if","locations":[{"start":{"line":133,"column":2},"end":{"line":135,"column":null}},{"start":{},"end":{}}],"line":133},"18":{"loc":{"start":{"line":133,"column":6},"end":{"line":133,"column":50}},"type":"binary-expr","locations":[{"start":{"line":133,"column":6},"end":{"line":133,"column":34}},{"start":{"line":133,"column":34},"end":{"line":133,"column":50}}],"line":133},"19":{"loc":{"start":{"line":136,"column":2},"end":{"line":138,"column":null}},"type":"if","locations":[{"start":{"line":136,"column":2},"end":{"line":138,"column":null}},{"start":{},"end":{}}],"line":136},"20":{"loc":{"start":{"line":136,"column":6},"end":{"line":136,"column":56}},"type":"binary-expr","locations":[{"start":{"line":136,"column":6},"end":{"line":136,"column":37}},{"start":{"line":136,"column":37},"end":{"line":136,"column":56}}],"line":136},"21":{"loc":{"start":{"line":139,"column":2},"end":{"line":141,"column":null}},"type":"if","locations":[{"start":{"line":139,"column":2},"end":{"line":141,"column":null}},{"start":{},"end":{}}],"line":139},"22":{"loc":{"start":{"line":139,"column":6},"end":{"line":139,"column":48}},"type":"binary-expr","locations":[{"start":{"line":139,"column":6},"end":{"line":139,"column":33}},{"start":{"line":139,"column":33},"end":{"line":139,"column":48}}],"line":139},"23":{"loc":{"start":{"line":142,"column":2},"end":{"line":145,"column":null}},"type":"if","locations":[{"start":{"line":142,"column":2},"end":{"line":145,"column":null}},{"start":{},"end":{}}],"line":142},"24":{"loc":{"start":{"line":142,"column":6},"end":{"line":142,"column":54}},"type":"binary-expr","locations":[{"start":{"line":142,"column":6},"end":{"line":142,"column":36}},{"start":{"line":142,"column":36},"end":{"line":142,"column":54}}],"line":142},"25":{"loc":{"start":{"line":147,"column":2},"end":{"line":150,"column":null}},"type":"if","locations":[{"start":{"line":147,"column":2},"end":{"line":150,"column":null}},{"start":{},"end":{}}],"line":147},"26":{"loc":{"start":{"line":155,"column":2},"end":{"line":157,"column":null}},"type":"if","locations":[{"start":{"line":155,"column":2},"end":{"line":157,"column":null}},{"start":{},"end":{}}],"line":155},"27":{"loc":{"start":{"line":166,"column":4},"end":{"line":169,"column":null}},"type":"if","locations":[{"start":{"line":166,"column":4},"end":{"line":169,"column":null}},{"start":{},"end":{}}],"line":166},"28":{"loc":{"start":{"line":175,"column":6},"end":{"line":179,"column":null}},"type":"if","locations":[{"start":{"line":175,"column":6},"end":{"line":179,"column":null}},{"start":{},"end":{}}],"line":175},"29":{"loc":{"start":{"line":175,"column":10},"end":{"line":175,"column":85}},"type":"binary-expr","locations":[{"start":{"line":175,"column":10},"end":{"line":175,"column":39}},{"start":{"line":175,"column":39},"end":{"line":175,"column":85}}],"line":175}},"s":{"0":6,"1":1,"2":5,"3":7,"4":7,"5":0,"6":7,"7":0,"8":7,"9":0,"10":0,"11":0,"12":0,"13":0,"14":7,"15":7,"16":7,"17":7,"18":7,"19":7,"20":7,"21":7,"22":7,"23":7,"24":7,"25":7,"26":7,"27":7,"28":1,"29":1,"30":7,"31":7,"32":7,"33":7,"34":7,"35":7,"36":7,"37":7,"38":9,"39":9,"40":9,"41":9,"42":9,"43":2,"44":9,"45":2,"46":9,"47":0,"48":9,"49":0,"50":9,"51":0,"52":9,"53":0,"54":0,"55":9,"56":3,"57":3,"58":9,"59":8,"60":9,"61":2,"62":7,"63":7,"64":7,"65":7,"66":7,"67":7,"68":7,"69":7,"70":7,"71":7,"72":7,"73":0,"74":0,"75":0,"76":7},"f":{"0":6,"1":7,"2":0,"3":7,"4":7,"5":9,"6":8},"b":{"0":[1,5],"1":[6,5],"2":[7],"3":[0,7],"4":[0,7,0,0],"5":[7,6],"6":[7,0],"7":[7,0],"8":[7,0],"9":[7,0],"10":[1,6],"11":[7,0],"12":[7,0],"13":[2,7],"14":[9,2],"15":[2,7],"16":[9,2],"17":[0,9],"18":[9,0],"19":[0,9],"20":[9,0],"21":[0,9],"22":[9,0],"23":[0,9],"24":[9,0],"25":[3,6],"26":[2,7],"27":[7,0],"28":[0,7],"29":[7,7]},"meta":{"lastBranch":30,"lastFunction":7,"lastStatement":77,"seen":{"f:16:16:16:33":0,"b:17:2:19:Infinity:undefined:undefined:undefined:undefined":0,"s:17:2:19:Infinity":0,"b:17:6:17:19:17:19:17:49":1,"s:18:4:18:Infinity":1,"s:21:2:25:Infinity":2,"f:31:9:31:20":1,"b:31:77:31:100":2,"s:32:15:32:Infinity":3,"b:34:2:36:Infinity:undefined:undefined:undefined:undefined":3,"s:34:2:36:Infinity":4,"s:35:4:35:Infinity":5,"b:39:4:40:Infinity:41:4:42:Infinity:43:4:44:Infinity:45:4:46:Infinity":4,"s:38:2:47:Infinity":6,"s:40:6:40:Infinity":7,"s:42:6:42:Infinity":8,"s:44:6:44:Infinity":9,"s:46:6:46:Infinity":10,"f:53:16:53:33":2,"s:54:25:54:Infinity":11,"s:55:26:55:Infinity":12,"s:56:2:56:Infinity":13,"f:62:9:62:35":3,"s:63:26:63:Infinity":14,"s:66:22:66:Infinity":15,"b:66:22:66:46:66:46:66:Infinity":5,"s:67:2:67:Infinity":16,"s:68:2:68:Infinity":17,"s:71:34:71:Infinity":18,"b:72:2:74:Infinity:undefined:undefined:undefined:undefined":6,"s:72:2:74:Infinity":19,"s:73:4:73:Infinity":20,"b:75:2:77:Infinity:undefined:undefined:undefined:undefined":7,"s:75:2:77:Infinity":21,"s:76:4:76:Infinity":22,"b:79:2:81:Infinity:undefined:undefined:undefined:undefined":8,"s:79:2:81:Infinity":23,"s:80:4:80:Infinity":24,"b:84:2:86:Infinity:undefined:undefined:undefined:undefined":9,"s:84:2:86:Infinity":25,"s:85:4:85:Infinity":26,"b:89:2:92:Infinity:undefined:undefined:undefined:undefined":10,"s:89:2:92:Infinity":27,"s:90:4:90:Infinity":28,"s:91:4:91:Infinity":29,"s:94:2:94:Infinity":30,"f:100:9:100:34":4,"s:101:17:101:Infinity":31,"s:103:2:109:Infinity":32,"s:104:20:104:Infinity":33,"b:104:20:104:46:104:46:104:Infinity":11,"b:105:4:107:Infinity:undefined:undefined:undefined:undefined":12,"s:105:4:107:Infinity":34,"s:106:6:106:Infinity":35,"s:108:4:108:Infinity":36,"s:111:2:111:Infinity":37,"f:117:16:117:33":5,"s:118:26:118:Infinity":38,"s:121:2:121:Infinity":39,"s:122:2:122:Infinity":40,"s:125:29:125:Infinity":41,"b:127:2:129:Infinity:undefined:undefined:undefined:undefined":13,"s:127:2:129:Infinity":42,"b:127:6:127:31:127:31:127:44":14,"s:128:4:128:Infinity":43,"b:130:2:132:Infinity:undefined:undefined:undefined:undefined":15,"s:130:2:132:Infinity":44,"b:130:6:130:29:130:29:130:40":16,"s:131:4:131:Infinity":45,"b:133:2:135:Infinity:undefined:undefined:undefined:undefined":17,"s:133:2:135:Infinity":46,"b:133:6:133:34:133:34:133:50":18,"s:134:4:134:Infinity":47,"b:136:2:138:Infinity:undefined:undefined:undefined:undefined":19,"s:136:2:138:Infinity":48,"b:136:6:136:37:136:37:136:56":20,"s:137:4:137:Infinity":49,"b:139:2:141:Infinity:undefined:undefined:undefined:undefined":21,"s:139:2:141:Infinity":50,"b:139:6:139:33:139:33:139:48":22,"s:140:4:140:Infinity":51,"b:142:2:145:Infinity:undefined:undefined:undefined:undefined":23,"s:142:2:145:Infinity":52,"b:142:6:142:36:142:36:142:54":24,"s:143:4:143:Infinity":53,"s:144:4:144:Infinity":54,"b:147:2:150:Infinity:undefined:undefined:undefined:undefined":25,"s:147:2:150:Infinity":55,"s:148:4:148:Infinity":56,"s:149:4:149:Infinity":57,"s:153:27:153:Infinity":58,"f:153:50:153:55":6,"s:153:55:153:68":59,"b:155:2:157:Infinity:undefined:undefined:undefined:undefined":26,"s:155:2:157:Infinity":60,"s:156:4:156:Infinity":61,"s:159:2:159:Infinity":62,"s:160:2:160:Infinity":63,"s:163:18:163:Infinity":64,"s:165:2:181:Infinity":65,"b:166:4:169:Infinity:undefined:undefined:undefined:undefined":27,"s:166:4:169:Infinity":66,"s:167:6:167:Infinity":67,"s:168:6:168:Infinity":68,"s:171:4:180:Infinity":69,"s:171:17:171:20":70,"s:172:6:172:Infinity":71,"b:175:6:179:Infinity:undefined:undefined:undefined:undefined":28,"s:175:6:179:Infinity":72,"b:175:10:175:39:175:39:175:85":29,"s:176:8:176:Infinity":73,"s:177:8:177:Infinity":74,"s:178:8:178:Infinity":75,"s:183:2:183:Infinity":76}}}
}
